<?xml version="1.0" encoding="UTF-8"?>
<!-- Generated by org.testng.reporters.JUnitReportReporter -->
<testsuite hostname="asus-PC" name="com.fyber.test.FyberTest" tests="1" failures="0" timestamp="7 Dec 2016 12:33:35 GMT" time="30.356" errors="0">
  <testcase name="verifyMovieIMDB" time="30.356" classname="com.fyber.test.FyberTest"/>
</testsuite> <!-- com.fyber.test.FyberTest -->
